#
# A fatal error has been detected by the Java Runtime Environment:
#
#  Internal Error (javaCalls.cpp:51), pid=26175, tid=0x00007f4f7f9f9700
#  guarantee(thread->is_Java_thread()) failed: crucial check - the VM thread cannot and must not escape to Java code
#
# JRE version: OpenJDK Runtime Environment (8.0_222-b10) (build 1.8.0_222-8u222-b10-1ubuntu1~18.04.1-b10)
# Java VM: OpenJDK 64-Bit Server VM (25.222-b10 mixed mode linux-amd64 compressed oops)
# Failed to write core dump. Core dumps have been disabled. To enable core dumping, try "ulimit -c unlimited" before starting Java again
#
# If you would like to submit a bug report, please visit:
#   http://bugreport.java.com/bugreport/crash.jsp
#

---------------  T H R E A D  ---------------

Current thread (0x00007f4fa0149000):  VMThread [stack: 0x00007f4f7f8fa000,0x00007f4f7f9fa000] [id=26189]

Stack: [0x00007f4f7f8fa000,0x00007f4f7f9fa000],  sp=0x00007f4f7f9f72b0,  free space=1012k
Native frames: (J=compiled Java code, j=interpreted, Vv=VM code, C=native code)
V  [libjvm.so+0xab8992]
V  [libjvm.so+0x4dbe6d]
V  [libjvm.so+0x67f040]
V  [libjvm.so+0x681ba0]
V  [libjvm.so+0x68002b]
V  [libjvm.so+0x56b57e]
V  [libjvm.so+0x56b624]
V  [libjvm.so+0x5d7053]
V  [libjvm.so+0x5d8e1a]
V  [libjvm.so+0x5da743]
V  [libjvm.so+0x5de86d]
V  [libjvm.so+0x5dec6b]
V  [libjvm.so+0x8e160f]
V  [libjvm.so+0x8e3368]
V  [libjvm.so+0x8e4327]
V  [libjvm.so+0x8e4be6]
V  [libjvm.so+0x63ac92]
V  [libjvm.so+0x876500]
V  [libjvm.so+0x75d989]
V  [libjvm.so+0xabf1d6]
V  [libjvm.so+0xabd4d5]
V  [libjvm.so+0xabddad]
V  [libjvm.so+0xabe1b8]
V  [libjvm.so+0x8f0732]

VM_Operation (0x00007f4f7f3ef960): GetOrSetLocal, mode: safepoint, requested by thread 0x00007f4fa0195000


---------------  P R O C E S S  ---------------

Java Threads: ( => current thread )
  0x00007f4fa0698000 JavaThread "ReaderThread" [_thread_in_native, id=26210, stack(0x00007f4f7e613000,0x00007f4f7e714000)]
  0x00007f4fa0687000 JavaThread "Service Thread" daemon [_thread_blocked, id=26204, stack(0x00007f4f7ea2c000,0x00007f4f7eb2d000)]
  0x00007f4fa0659800 JavaThread "C1 CompilerThread2" daemon [_thread_blocked, id=26203, stack(0x00007f4f7eb2e000,0x00007f4f7ec2e000)]
  0x00007f4fa0657800 JavaThread "C2 CompilerThread1" daemon [_thread_blocked, id=26202, stack(0x00007f4f7ec2f000,0x00007f4f7ed2f000)]
  0x00007f4fa0656000 JavaThread "C2 CompilerThread0" daemon [_thread_blocked, id=26201, stack(0x00007f4f7ed30000,0x00007f4f7ee30000)]
  0x00007f4f68001000 JavaThread "JDWP Command Reader" daemon [_thread_in_native, id=26198, stack(0x00007f4f7f0ee000,0x00007f4f7f1ef000)]
  0x00007f4fa0198800 JavaThread "JDWP Event Helper Thread" daemon [_thread_blocked, id=26197, stack(0x00007f4f7f1ef000,0x00007f4f7f2f0000)]
  0x00007f4fa0195000 JavaThread "JDWP Transport Listener: dt_socket" daemon [_thread_blocked, id=26194, stack(0x00007f4f7f2f0000,0x00007f4f7f3f1000)]
  0x00007f4fa0187000 JavaThread "Signal Dispatcher" daemon [_thread_blocked, id=26192, stack(0x00007f4f7f5f6000,0x00007f4f7f6f7000)]
  0x00007f4fa0155000 JavaThread "Finalizer" daemon [_thread_blocked, id=26191, stack(0x00007f4f7f6f7000,0x00007f4f7f7f8000)]
  0x00007f4fa0152800 JavaThread "Reference Handler" daemon [_thread_blocked, id=26190, stack(0x00007f4f7f7f8000,0x00007f4f7f8f9000)]
  0x00007f4fa0014000 JavaThread "main" [_thread_blocked, id=26179, stack(0x00007f4fa94f7000,0x00007f4fa95f7000)]

Other Threads:
=>0x00007f4fa0149000 VMThread [stack: 0x00007f4f7f8fa000,0x00007f4f7f9fa000] [id=26189]
  0x00007f4fa0689800 WatcherThread [stack: 0x00007f4f7e92c000,0x00007f4f7ea2c000] [id=26205]

VM state:at safepoint (normal execution)

VM Mutex/Monitor currently owned by a thread:  ([mutex/lock_event])
[0x00007f4fa0010890] Threads_lock - owner thread: 0x00007f4fa0149000

heap address: 0x0000000085400000, size: 1964 MB, Compressed Oops mode: 32-bit
Narrow klass base: 0x0000000000000000, Narrow klass shift: 3
Compressed class space size: 1073741824 Address: 0x0000000100000000

Heap:
 PSYoungGen      total 274944K, used 151351K [0x00000000d7180000, 0x00000000ea100000, 0x0000000100000000)
  eden space 264704K, 53% used [0x00000000d7180000,0x00000000dfb55100,0x00000000e7400000)
  from space 10240K, 99% used [0x00000000e9700000,0x00000000ea0f8bf8,0x00000000ea100000)
  to   space 11264K, 0% used [0x00000000e8b00000,0x00000000e8b00000,0x00000000e9600000)
 ParOldGen       total 72704K, used 11323K [0x0000000085400000, 0x0000000089b00000, 0x00000000d7180000)
  object space 72704K, 15% used [0x0000000085400000,0x0000000085f0ee70,0x0000000089b00000)
 Metaspace       used 49892K, capacity 51686K, committed 51840K, reserved 1093632K
  class space    used 6615K, capacity 6961K, committed 7040K, reserved 1048576K

Card table byte_map: [0x00007f4fa4c3a000,0x00007f4fa5011000] byte_map_base: 0x00007f4fa4810000

Marking Bits: (ParMarkBitMap*) 0x00007f4fa879a360
 Begin Bits: [0x00007f4f8d2a0000, 0x00007f4f8f150000)
 End Bits:   [0x00007f4f8f150000, 0x00007f4f91000000)

Polling page: 0x00007f4fa961b000

CodeCache: size=245760Kb used=14384Kb max_used=14960Kb free=231375Kb
 bounds [0x00007f4f91000000, 0x00007f4f91eb0000, 0x00007f4fa0000000]
 total_blobs=4021 nmethods=3506 adapters=437
 compilation: enabled

Compilation events (10 events):
Event: 12,191 Thread 0x00007f4fa0659800 3701       3       org.springframework.beans.factory.support.DefaultSingletonBeanRegistry::getSingleton (7 bytes)
Event: 12,191 Thread 0x00007f4fa0659800 nmethod 3701 0x00007f4f91e7fed0 code [0x00007f4f91e80040, 0x00007f4f91e80268]
Event: 12,498 Thread 0x00007f4fa0657800 nmethod 3644 0x00007f4f91e8de10 code [0x00007f4f91e8f2c0, 0x00007f4f91e98ff8]
Event: 12,498 Thread 0x00007f4fa0657800 3697       4       sun.misc.PerfCounter::addElapsedTimeFrom (10 bytes)
Event: 12,502 Thread 0x00007f4fa0657800 nmethod 3697 0x00007f4f91172a10 code [0x00007f4f91172b60, 0x00007f4f91172df8]
Event: 12,502 Thread 0x00007f4fa0657800 3693       4       sun.misc.URLClassPath$JarLoader$2::getCodeSigners (8 bytes)
Event: 12,524 Thread 0x00007f4fa0657800 nmethod 3693 0x00007f4f9112d910 code [0x00007f4f9112db00, 0x00007f4f9112e498]
Event: 12,524 Thread 0x00007f4fa0657800 3696       4       sun.misc.URLClassPath$JarLoader$2::getContentLength (9 bytes)
Event: 12,525 Thread 0x00007f4fa0657800 nmethod 3696 0x00007f4f91205c10 code [0x00007f4f91205d60, 0x00007f4f91205df8]
Event: 12,678 Thread 0x00007f4fa0656000 nmethod 3692 0x00007f4f911db950 code [0x00007f4f911dc4a0, 0x00007f4f911e6500]

GC Heap History (10 events):
Event: 5,333 GC heap before
{Heap before GC invocations=8 (full 1):
 PSYoungGen      total 132096K, used 125440K [0x00000000d7180000, 0x00000000dfd80000, 0x0000000100000000)
  eden space 125440K, 100% used [0x00000000d7180000,0x00000000dec00000,0x00000000dec00000)
  from space 6656K, 0% used [0x00000000df400000,0x00000000df400000,0x00000000dfa80000)
  to   space 8192K, 0% used [0x00000000dec00000,0x00000000dec00000,0x00000000df400000)
 ParOldGen       total 51712K, used 6960K [0x0000000085400000, 0x0000000088680000, 0x00000000d7180000)
  object space 51712K, 13% used [0x0000000085400000,0x0000000085acc198,0x0000000088680000)
 Metaspace       used 26327K, capacity 27242K, committed 27264K, reserved 1073152K
  class space    used 3230K, capacity 3435K, committed 3456K, reserved 1048576K
Event: 5,344 GC heap after
Heap after GC invocations=8 (full 1):
 PSYoungGen      total 133632K, used 6977K [0x00000000d7180000, 0x00000000e4680000, 0x0000000100000000)
  eden space 125440K, 0% used [0x00000000d7180000,0x00000000d7180000,0x00000000dec00000)
  from space 8192K, 85% used [0x00000000dec00000,0x00000000df2d0578,0x00000000df400000)
  to   space 8704K, 0% used [0x00000000e3e00000,0x00000000e3e00000,0x00000000e4680000)
 ParOldGen       total 51712K, used 6968K [0x0000000085400000, 0x0000000088680000, 0x00000000d7180000)
  object space 51712K, 13% used [0x0000000085400000,0x0000000085ace198,0x0000000088680000)
 Metaspace       used 26327K, capacity 27242K, committed 27264K, reserved 1073152K
  class space    used 3230K, capacity 3435K, committed 3456K, reserved 1048576K
}
Event: 7,375 GC heap before
{Heap before GC invocations=9 (full 1):
 PSYoungGen      total 133632K, used 132417K [0x00000000d7180000, 0x00000000e4680000, 0x0000000100000000)
  eden space 125440K, 100% used [0x00000000d7180000,0x00000000dec00000,0x00000000dec00000)
  from space 8192K, 85% used [0x00000000dec00000,0x00000000df2d0578,0x00000000df400000)
  to   space 8704K, 0% used [0x00000000e3e00000,0x00000000e3e00000,0x00000000e4680000)
 ParOldGen       total 51712K, used 6968K [0x0000000085400000, 0x0000000088680000, 0x00000000d7180000)
  object space 51712K, 13% used [0x0000000085400000,0x0000000085ace198,0x0000000088680000)
 Metaspace       used 33172K, capacity 34258K, committed 34560K, reserved 1079296K
  class space    used 4040K, capacity 4269K, committed 4352K, reserved 1048576K
Event: 7,395 GC heap after
Heap after GC invocations=9 (full 1):
 PSYoungGen      total 205824K, used 8677K [0x00000000d7180000, 0x00000000e4680000, 0x0000000100000000)
  eden space 197120K, 0% used [0x00000000d7180000,0x00000000d7180000,0x00000000e3200000)
  from space 8704K, 99% used [0x00000000e3e00000,0x00000000e4679570,0x00000000e4680000)
  to   space 10240K, 0% used [0x00000000e3280000,0x00000000e3280000,0x00000000e3c80000)
 ParOldGen       total 51712K, used 8034K [0x0000000085400000, 0x0000000088680000, 0x00000000d7180000)
  object space 51712K, 15% used [0x0000000085400000,0x0000000085bd88b0,0x0000000088680000)
 Metaspace       used 33172K, capacity 34258K, committed 34560K, reserved 1079296K
  class space    used 4040K, capacity 4269K, committed 4352K, reserved 1048576K
}
Event: 7,620 GC heap before
{Heap before GC invocations=10 (full 1):
 PSYoungGen      total 205824K, used 28607K [0x00000000d7180000, 0x00000000e4680000, 0x0000000100000000)
  eden space 197120K, 10% used [0x00000000d7180000,0x00000000d84f6760,0x00000000e3200000)
  from space 8704K, 99% used [0x00000000e3e00000,0x00000000e4679570,0x00000000e4680000)
  to   space 10240K, 0% used [0x00000000e3280000,0x00000000e3280000,0x00000000e3c80000)
 ParOldGen       total 51712K, used 8034K [0x0000000085400000, 0x0000000088680000, 0x00000000d7180000)
  object space 51712K, 15% used [0x0000000085400000,0x0000000085bd88b0,0x0000000088680000)
 Metaspace       used 34305K, capacity 35386K, committed 35456K, reserved 1081344K
  class space    used 4190K, capacity 4431K, committed 4480K, reserved 1048576K
Event: 7,652 GC heap after
Heap after GC invocations=10 (full 1):
 PSYoungGen      total 207872K, used 6421K [0x00000000d7180000, 0x00000000ea100000, 0x0000000100000000)
  eden space 197632K, 0% used [0x00000000d7180000,0x00000000d7180000,0x00000000e3280000)
  from space 10240K, 62% used [0x00000000e3280000,0x00000000e38c5668,0x00000000e3c80000)
  to   space 10240K, 0% used [0x00000000e9700000,0x00000000e9700000,0x00000000ea100000)
 ParOldGen       total 51712K, used 8042K [0x0000000085400000, 0x0000000088680000, 0x00000000d7180000)
  object space 51712K, 15% used [0x0000000085400000,0x0000000085bda8b0,0x0000000088680000)
 Metaspace       used 34305K, capacity 35386K, committed 35456K, reserved 1081344K
  class space    used 4190K, capacity 4431K, committed 4480K, reserved 1048576K
}
Event: 7,652 GC heap before
{Heap before GC invocations=11 (full 2):
 PSYoungGen      total 207872K, used 6421K [0x00000000d7180000, 0x00000000ea100000, 0x0000000100000000)
  eden space 197632K, 0% used [0x00000000d7180000,0x00000000d7180000,0x00000000e3280000)
  from space 10240K, 62% used [0x00000000e3280000,0x00000000e38c5668,0x00000000e3c80000)
  to   space 10240K, 0% used [0x00000000e9700000,0x00000000e9700000,0x00000000ea100000)
 ParOldGen       total 51712K, used 8042K [0x0000000085400000, 0x0000000088680000, 0x00000000d7180000)
  object space 51712K, 15% used [0x0000000085400000,0x0000000085bda8b0,0x0000000088680000)
 Metaspace       used 34305K, capacity 35386K, committed 35456K, reserved 1081344K
  class space    used 4190K, capacity 4431K, committed 4480K, reserved 1048576K
Event: 7,797 GC heap after
Heap after GC invocations=11 (full 2):
 PSYoungGen      total 207872K, used 0K [0x00000000d7180000, 0x00000000ea100000, 0x0000000100000000)
  eden space 197632K, 0% used [0x00000000d7180000,0x00000000d7180000,0x00000000e3280000)
  from space 10240K, 0% used [0x00000000e3280000,0x00000000e3280000,0x00000000e3c80000)
  to   space 10240K, 0% used [0x00000000e9700000,0x00000000e9700000,0x00000000ea100000)
 ParOldGen       total 72704K, used 10913K [0x0000000085400000, 0x0000000089b00000, 0x00000000d7180000)
  object space 72704K, 15% used [0x0000000085400000,0x0000000085ea8760,0x0000000089b00000)
 Metaspace       used 34305K, capacity 35386K, committed 35456K, reserved 1081344K
  class space    used 4190K, capacity 4431K, committed 4480K, reserved 1048576K
}
Event: 10,193 GC heap before
{Heap before GC invocations=12 (full 2):
 PSYoungGen      total 207872K, used 197632K [0x00000000d7180000, 0x00000000ea100000, 0x0000000100000000)
  eden space 197632K, 100% used [0x00000000d7180000,0x00000000e3280000,0x00000000e3280000)
  from space 10240K, 0% used [0x00000000e3280000,0x00000000e3280000,0x00000000e3c80000)
  to   space 10240K, 0% used [0x00000000e9700000,0x00000000e9700000,0x00000000ea100000)
 ParOldGen       total 72704K, used 10913K [0x0000000085400000, 0x0000000089b00000, 0x00000000d7180000)
  object space 72704K, 15% used [0x0000000085400000,0x0000000085ea8760,0x0000000089b00000)
 Metaspace       used 44323K, capacity 45538K, committed 45824K, reserved 1089536K
  class space    used 5796K, capacity 6043K, committed 6144K, reserved 1048576K
Event: 10,215 GC heap after
Heap after GC invocations=12 (full 2):
 PSYoungGen      total 274944K, used 10210K [0x00000000d7180000, 0x00000000ea100000, 0x0000000100000000)
  eden space 264704K, 0% used [0x00000000d7180000,0x00000000d7180000,0x00000000e7400000)
  from space 10240K, 99% used [0x00000000e9700000,0x00000000ea0f8bf8,0x00000000ea100000)
  to   space 11264K, 0% used [0x00000000e8b00000,0x00000000e8b00000,0x00000000e9600000)
 ParOldGen       total 72704K, used 11323K [0x0000000085400000, 0x0000000089b00000, 0x00000000d7180000)
  object space 72704K, 15% used [0x0000000085400000,0x0000000085f0ee70,0x0000000089b00000)
 Metaspace       used 44323K, capacity 45538K, committed 45824K, reserved 1089536K
  class space    used 5796K, capacity 6043K, committed 6144K, reserved 1048576K
}

Deoptimization events (10 events):
Event: 12,188 Thread 0x00007f4fa0014000 Uncommon trap: reason=unhandled action=none pc=0x00007f4f91cb6050 method=java.net.URLClassLoader.findClass(Ljava/lang/String;)Ljava/lang/Class; @ 44
Event: 12,189 Thread 0x00007f4fa0014000 Uncommon trap: reason=unhandled action=none pc=0x00007f4f91cb6050 method=java.net.URLClassLoader.findClass(Ljava/lang/String;)Ljava/lang/Class; @ 44
Event: 12,189 Thread 0x00007f4fa0014000 Uncommon trap: reason=unhandled action=none pc=0x00007f4f91cb6050 method=java.net.URLClassLoader.findClass(Ljava/lang/String;)Ljava/lang/Class; @ 44
Event: 12,190 Thread 0x00007f4fa0014000 Uncommon trap: reason=unhandled action=none pc=0x00007f4f91cb6050 method=java.net.URLClassLoader.findClass(Ljava/lang/String;)Ljava/lang/Class; @ 44
Event: 12,190 Thread 0x00007f4fa0014000 Uncommon trap: reason=unhandled action=none pc=0x00007f4f91cb6050 method=java.net.URLClassLoader.findClass(Ljava/lang/String;)Ljava/lang/Class; @ 44
Event: 12,192 Thread 0x00007f4fa0014000 Uncommon trap: reason=unhandled action=none pc=0x00007f4f91cb6050 method=java.net.URLClassLoader.findClass(Ljava/lang/String;)Ljava/lang/Class; @ 44
Event: 12,193 Thread 0x00007f4fa0014000 Uncommon trap: reason=unhandled action=none pc=0x00007f4f91cb6050 method=java.net.URLClassLoader.findClass(Ljava/lang/String;)Ljava/lang/Class; @ 44
Event: 12,193 Thread 0x00007f4fa0014000 Uncommon trap: reason=unhandled action=none pc=0x00007f4f91cb6050 method=java.net.URLClassLoader.findClass(Ljava/lang/String;)Ljava/lang/Class; @ 44
Event: 12,193 Thread 0x00007f4fa0014000 Uncommon trap: reason=unhandled action=none pc=0x00007f4f91cb6050 method=java.net.URLClassLoader.findClass(Ljava/lang/String;)Ljava/lang/Class; @ 44
Event: 12,193 Thread 0x00007f4fa0014000 Uncommon trap: reason=unhandled action=none pc=0x00007f4f91cb6050 method=java.net.URLClassLoader.findClass(Ljava/lang/String;)Ljava/lang/Class; @ 44

Classes redefined (10 events):
Event: 465,079 Thread 0x00007f4fa0149000 redefined class name=com.customer.customerservices.CustomerServicesRepositoryTests, count=2
Event: 469,232 Thread 0x00007f4fa0149000 redefined class name=com.customer.customerservices.CustomerServicesRepositoryTests, count=3
Event: 533,563 Thread 0x00007f4fa0149000 redefined class name=com.customer.customerservices.CustomerServicesRepositoryTests, count=4
Event: 610,227 Thread 0x00007f4fa0149000 redefined class name=com.customer.customerservices.CustomerServicesRepositoryTests, count=5
Event: 649,222 Thread 0x00007f4fa0149000 redefined class name=com.customer.customerservices.CustomerServicesRepositoryTests, count=6
Event: 767,957 Thread 0x00007f4fa0149000 redefined class name=com.customer.customerservices.CustomerServicesRepositoryTests, count=7
Event: 1074,975 Thread 0x00007f4fa0149000 redefined class name=com.customer.customerservices.CustomerServicesRepositoryTests, count=8
Event: 1183,754 Thread 0x00007f4fa0149000 redefined class name=com.customer.customerservices.CustomerServicesRepositoryTests, count=9
Event: 1238,014 Thread 0x00007f4fa0149000 redefined class name=com.customer.customerservices.CustomerServicesRepositoryTests, count=10
Event: 1302,565 Thread 0x00007f4fa0149000 redefined class name=com.customer.customerservices.repository.CustomerRepository, count=1

Internal exceptions (10 events):
Event: 11,926 Thread 0x00007f4fa0014000 Exception <a 'java/lang/ArrayIndexOutOfBoundsException': 30> (0x00000000dea5bd20) thrown at [/build/openjdk-8-OqY7zN/openjdk-8-8u222-b10/src/hotspot/src/share/vm/interpreter/interpreterRuntime.cpp, line 368]
Event: 11,927 Thread 0x00007f4fa0014000 Exception <a 'java/lang/ArrayIndexOutOfBoundsException': 30> (0x00000000dea5d7e8) thrown at [/build/openjdk-8-OqY7zN/openjdk-8-8u222-b10/src/hotspot/src/share/vm/interpreter/interpreterRuntime.cpp, line 368]
Event: 11,927 Thread 0x00007f4fa0014000 Exception <a 'java/lang/ArrayIndexOutOfBoundsException': 30> (0x00000000dea5f288) thrown at [/build/openjdk-8-OqY7zN/openjdk-8-8u222-b10/src/hotspot/src/share/vm/interpreter/interpreterRuntime.cpp, line 368]
Event: 11,927 Thread 0x00007f4fa0014000 Exception <a 'java/lang/ArrayIndexOutOfBoundsException': 30> (0x00000000dea606c8) thrown at [/build/openjdk-8-OqY7zN/openjdk-8-8u222-b10/src/hotspot/src/share/vm/interpreter/interpreterRuntime.cpp, line 368]
Event: 11,927 Thread 0x00007f4fa0014000 Exception <a 'java/lang/ArrayIndexOutOfBoundsException': 67> (0x00000000dea62778) thrown at [/build/openjdk-8-OqY7zN/openjdk-8-8u222-b10/src/hotspot/src/share/vm/interpreter/interpreterRuntime.cpp, line 368]
Event: 11,927 Thread 0x00007f4fa0014000 Exception <a 'java/lang/ArrayIndexOutOfBoundsException': 67> (0x00000000dea650e0) thrown at [/build/openjdk-8-OqY7zN/openjdk-8-8u222-b10/src/hotspot/src/share/vm/interpreter/interpreterRuntime.cpp, line 368]
Event: 11,927 Thread 0x00007f4fa0014000 Exception <a 'java/lang/ArrayIndexOutOfBoundsException': 67> (0x00000000dea66d68) thrown at [/build/openjdk-8-OqY7zN/openjdk-8-8u222-b10/src/hotspot/src/share/vm/interpreter/interpreterRuntime.cpp, line 368]
Event: 11,927 Thread 0x00007f4fa0014000 Exception <a 'java/lang/ArrayIndexOutOfBoundsException': 30> (0x00000000dea69140) thrown at [/build/openjdk-8-OqY7zN/openjdk-8-8u222-b10/src/hotspot/src/share/vm/interpreter/interpreterRuntime.cpp, line 368]
Event: 11,979 Thread 0x00007f4fa0014000 Exception <a 'java/lang/ClassNotFoundException': java/lang/ObjectCustomizer> (0x00000000dec77788) thrown at [/build/openjdk-8-OqY7zN/openjdk-8-8u222-b10/src/hotspot/src/share/vm/classfile/systemDictionary.cpp, line 210]
Event: 11,980 Thread 0x00007f4fa0014000 Exception <a 'java/lang/ClassNotFoundException': com/customer/customerservices/CustomerServicesRepositoryTestsCustomizer> (0x00000000dec9d3d0) thrown at [/build/openjdk-8-OqY7zN/openjdk-8-8u222-b10/src/hotspot/src/share/vm/classfile/systemDictionary.cpp, 

Events (10 events):
Event: 1302,565 Executing VM operation: RedefineClasses done
Event: 1302,587 Executing VM operation: GetOwnedMonitorInfo
Event: 1302,587 Executing VM operation: GetOwnedMonitorInfo done
Event: 1302,587 Executing VM operation: GetCurrentContendedMonitor
Event: 1302,587 Executing VM operation: GetCurrentContendedMonitor done
Event: 1489,741 Executing VM operation: GetOwnedMonitorInfo
Event: 1489,741 Executing VM operation: GetOwnedMonitorInfo done
Event: 1489,741 Executing VM operation: GetCurrentContendedMonitor
Event: 1489,741 Executing VM operation: GetCurrentContendedMonitor done
Event: 1492,749 Executing VM operation: GetOrSetLocal


Dynamic libraries:
85400000-89b00000 rw-p 00000000 00:00 0 
89b00000-d7180000 ---p 00000000 00:00 0 
d7180000-ea100000 rw-p 00000000 00:00 0 
ea100000-100000000 ---p 00000000 00:00 0 
100000000-1006e0000 rw-p 00000000 00:00 0 
1006e0000-140000000 ---p 00000000 00:00 0 
55c922ea2000-55c922ea3000 r-xp 00000000 08:09 132749                     /usr/lib/jvm/java-8-openjdk-amd64/jre/bin/java
55c9230a2000-55c9230a3000 r--p 00000000 08:09 132749                     /usr/lib/jvm/java-8-openjdk-amd64/jre/bin/java
55c9230a3000-55c9230a4000 rw-p 00001000 08:09 132749                     /usr/lib/jvm/java-8-openjdk-amd64/jre/bin/java
55c923d16000-55c923d37000 rw-p 00000000 00:00 0                          [heap]
7f4f38000000-7f4f38021000 rw-p 00000000 00:00 0 
7f4f38021000-7f4f3c000000 ---p 00000000 00:00 0 
7f4f3f9a9000-7f4f3fba9000 rw-p 00000000 00:00 0 
7f4f3fc00000-7f4f3fdc0000 rw-p 00000000 00:00 0 
7f4f3fdc0000-7f4f3fe00000 ---p 00000000 00:00 0 
7f4f3fe00000-7f4f40000000 rw-p 00000000 00:00 0 
7f4f40000000-7f4f40021000 rw-p 00000000 00:00 0 
7f4f40021000-7f4f44000000 ---p 00000000 00:00 0 
7f4f44000000-7f4f443d2000 rw-p 00000000 00:00 0 
7f4f443d2000-7f4f48000000 ---p 00000000 00:00 0 
7f4f48000000-7f4f48021000 rw-p 00000000 00:00 0 
7f4f48021000-7f4f4c000000 ---p 00000000 00:00 0 
7f4f4c000000-7f4f4c021000 rw-p 00000000 00:00 0 
7f4f4c021000-7f4f50000000 ---p 00000000 00:00 0 
7f4f50000000-7f4f52f08000 rw-p 00000000 00:00 0 
7f4f52f08000-7f4f54000000 ---p 00000000 00:00 0 
7f4f54000000-7f4f55123000 rw-p 00000000 00:00 0 
7f4f55123000-7f4f58000000 ---p 00000000 00:00 0 
7f4f58000000-7f4f58021000 rw-p 00000000 00:00 0 
7f4f58021000-7f4f5c000000 ---p 00000000 00:00 0 
7f4f5c000000-7f4f5e465000 rw-p 00000000 00:00 0 
7f4f5e465000-7f4f60000000 ---p 00000000 00:00 0 
7f4f60000000-7f4f60021000 rw-p 00000000 00:00 0 
7f4f60021000-7f4f64000000 ---p 00000000 00:00 0 
7f4f64000000-7f4f64021000 rw-p 00000000 00:00 0 
7f4f64021000-7f4f68000000 ---p 00000000 00:00 0 
7f4f68000000-7f4f68051000 rw-p 00000000 00:00 0 
7f4f68051000-7f4f6c000000 ---p 00000000 00:00 0 
7f4f6c000000-7f4f6c021000 rw-p 00000000 00:00 0 
7f4f6c021000-7f4f70000000 ---p 00000000 00:00 0 
7f4f70000000-7f4f70021000 rw-p 00000000 00:00 0 
7f4f70021000-7f4f74000000 ---p 00000000 00:00 0 
7f4f74000000-7f4f7406b000 rw-p 00000000 00:00 0 
7f4f7406b000-7f4f78000000 ---p 00000000 00:00 0 
7f4f78000000-7f4f78025000 rw-p 00000000 00:00 0 
7f4f78025000-7f4f7c000000 ---p 00000000 00:00 0 
7f4f7c145000-7f4f7c345000 rw-p 00000000 00:00 0 
7f4f7c345000-7f4f7c545000 rw-p 00000000 00:00 0 
7f4f7c545000-7f4f7c745000 rw-p 00000000 00:00 0 
7f4f7c745000-7f4f7c945000 rw-p 00000000 00:00 0 
7f4f7c945000-7f4f7cb45000 rw-p 00000000 00:00 0 
7f4f7cb45000-7f4f7cd45000 rw-p 00000000 00:00 0 
7f4f7cd45000-7f4f7cf45000 rw-p 00000000 00:00 0 
7f4f7cf45000-7f4f7d145000 rw-p 00000000 00:00 0 
7f4f7d145000-7f4f7d345000 rw-p 00000000 00:00 0 
7f4f7d345000-7f4f7d348000 ---p 00000000 00:00 0 
7f4f7d348000-7f4f7d646000 rw-p 00000000 00:00 0 
7f4f7d646000-7f4f7d846000 rw-p 00000000 00:00 0 
7f4f7d846000-7f4f7d849000 ---p 00000000 00:00 0 
7f4f7d849000-7f4f7db47000 rw-p 00000000 00:00 0 
7f4f7db47000-7f4f7dd47000 rw-p 00000000 00:00 0 
7f4f7dd47000-7f4f7dd58000 r-xp 00000000 08:09 147140                     /usr/lib/jvm/java-8-openjdk-amd64/jre/lib/amd64/libnio.so
7f4f7dd58000-7f4f7df57000 ---p 00011000 08:09 147140                     /usr/lib/jvm/java-8-openjdk-amd64/jre/lib/amd64/libnio.so
7f4f7df57000-7f4f7df58000 r--p 00010000 08:09 147140                     /usr/lib/jvm/java-8-openjdk-amd64/jre/lib/amd64/libnio.so
7f4f7df58000-7f4f7df59000 rw-p 00011000 08:09 147140                     /usr/lib/jvm/java-8-openjdk-amd64/jre/lib/amd64/libnio.so
7f4f7e009000-7f4f7e209000 rw-p 00000000 00:00 0 
7f4f7e209000-7f4f7e212000 r-xp 00000000 08:09 147134                     /usr/lib/jvm/java-8-openjdk-amd64/jre/lib/amd64/libmanagement.so
7f4f7e212000-7f4f7e411000 ---p 00009000 08:09 147134                     /usr/lib/jvm/java-8-openjdk-amd64/jre/lib/amd64/libmanagement.so
7f4f7e411000-7f4f7e412000 r--p 00008000 08:09 147134                     /usr/lib/jvm/java-8-openjdk-amd64/jre/lib/amd64/libmanagement.so
7f4f7e412000-7f4f7e413000 rw-p 00009000 08:09 147134                     /usr/lib/jvm/java-8-openjdk-amd64/jre/lib/amd64/libmanagement.so
7f4f7e413000-7f4f7e613000 rw-p 00000000 00:00 0 
7f4f7e613000-7f4f7e616000 ---p 00000000 00:00 0 
7f4f7e616000-7f4f7e714000 rw-p 00000000 00:00 0 
7f4f7e714000-7f4f7e72a000 r-xp 00000000 08:09 147138                     /usr/lib/jvm/java-8-openjdk-amd64/jre/lib/amd64/libnet.so
7f4f7e72a000-7f4f7e929000 ---p 00016000 08:09 147138                     /usr/lib/jvm/java-8-openjdk-amd64/jre/lib/amd64/libnet.so
7f4f7e929000-7f4f7e92a000 r--p 00015000 08:09 147138                     /usr/lib/jvm/java-8-openjdk-amd64/jre/lib/amd64/libnet.so
7f4f7e92a000-7f4f7e92b000 rw-p 00016000 08:09 147138                     /usr/lib/jvm/java-8-openjdk-amd64/jre/lib/amd64/libnet.so
7f4f7e92b000-7f4f7e92c000 ---p 00000000 00:00 0 
7f4f7e92c000-7f4f7ea2c000 rw-p 00000000 00:00 0 
7f4f7ea2c000-7f4f7ea2f000 ---p 00000000 00:00 0 
7f4f7ea2f000-7f4f7eb2d000 rw-p 00000000 00:00 0 
7f4f7eb2d000-7f4f7eb2e000 ---p 00000000 00:00 0 
7f4f7eb2e000-7f4f7eb31000 ---p 00000000 00:00 0 
7f4f7eb31000-7f4f7ec2e000 rw-p 00000000 00:00 0 
7f4f7ec2e000-7f4f7ec2f000 ---p 00000000 00:00 0 
7f4f7ec2f000-7f4f7ec32000 ---p 00000000 00:00 0 
7f4f7ec32000-7f4f7ed2f000 rw-p 00000000 00:00 0 
7f4f7ed2f000-7f4f7ed30000 ---p 00000000 00:00 0 
7f4f7ed30000-7f4f7ed33000 ---p 00000000 00:00 0 
7f4f7ed33000-7f4f7ee30000 rw-p 00000000 00:00 0 
7f4f7ee30000-7f4f7ee43000 r--s 00346000 08:09 7486                       /usr/lib/jvm/java-8-openjdk-amd64/jre/lib/resources.jar
7f4f7ee43000-7f4f7ee45000 r--s 00016000 08:09 7116                       /usr/lib/jvm/java-8-openjdk-amd64/jre/lib/jce.jar
7f4f7ee45000-7f4f7ee4a000 r--s 000a3000 08:09 7188                       /usr/lib/jvm/java-8-openjdk-amd64/jre/lib/jsse.jar
7f4f7ee4a000-7f4f7ee4d000 r--s 0001f000 08:0b 399989                     /home/mustafa/eclipse/jee-2019-06/eclipse/configuration/org.eclipse.osgi/405/0/.cp/lib/javaagent-shaded.jar
7f4f7ee4d000-7f4f7ee52000 r--s 00025000 08:0b 4852865                    /home/mustafa/.m2/repository/org/xmlunit/xmlunit-core/2.6.3/xmlunit-core-2.6.3.jar
7f4f7ee52000-7f4f7ee60000 r--s 0008a000 08:0b 4723124                    /home/mustafa/.m2/repository/org/springframework/spring-test/5.1.9.RELEASE/spring-test-5.1.9.RELEASE.jar
7f4f7ee60000-7f4f7ee61000 r--s 00005000 08:0b 4723122                    /home/mustafa/.m2/repository/org/springframework/spring-jcl/5.1.9.RELEASE/spring-jcl-5.1.9.RELEASE.jar
7f4f7ee61000-7f4f7ee7a000 r--s 00123000 08:0b 4723120                    /home/mustafa/.m2/repository/org/springframework/spring-core/5.1.9.RELEASE/spring-core-5.1.9.RELEASE.jar
7f4f7ee7a000-7f4f7ee7b000 r--s 00004000 08:0b 4329694                    /home/mustafa/.m2/repository/com/vaadin/external/google/android-json/0.0.20131108.vaadin1/android-json-0.0.20131108.vaadin1.jar
7f4f7ee7b000-7f4f7ee7d000 r--s 00006000 08:0b 4198228                    /home/mustafa/.m2/repository/org/skyscreamer/jsonassert/1.5.0/jsonassert-1.5.0.jar
7f4f7ee7d000-7f4f7ee7e000 r--s 0000c000 08:0b 4198219                    /home/mustafa/.m2/repository/org/hamcrest/hamcrest-library/1.3/hamcrest-library-1.3.jar
7f4f7ee7e000-7f4f7ee80000 r--s 00009000 08:0b 4065958                    /home/mustafa/.m2/repository/org/hamcrest/hamcrest-core/1.3/hamcrest-core-1.3.jar
7f4f7ee80000-7f4f7ee82000 r--s 0000c000 08:0b 4198223                    /home/mustafa/.m2/repository/org/objenesis/objenesis/2.6/objenesis-2.6.jar
7f4f7ee82000-7f4f7ee85000 r--s 0003a000 08:0b 4723118                    /home/mustafa/.m2/repository/net/bytebuddy/byte-buddy-agent/1.9.16/byte-buddy-agent-1.9.16.jar
7f4f7ee85000-7f4f7ee95000 r--s 0007a000 08:0b 4330798                    /home/mustafa/.m2/repository/org/mockito/mockito-core/2.23.4/mockito-core-2.23.4.jar
7f4f7eef0000-7f4f7eef8000 r--s 00045000 08:0b 4066073                    /home/mustafa/.m2/repository/junit/junit/4.12/junit-4.12.jar
7f4f7eef8000-7f4f7eefa000 r--s 0000c000 08:0b 4066072                    /home/mustafa/.m2/repository/org/ow2/asm/asm/5.0.4/asm-5.0.4.jar
7f4f7eefa000-7f4f7eefc000 r--s 00006000 08:0b 4066070                    /home/mustafa/.m2/repository/net/minidev/accessors-smart/1.2/accessors-smart-1.2.jar
7f4f7eefc000-7f4f7eeff000 r--s 0001b000 08:0b 4066069                    /home/mustafa/.m2/repository/net/minidev/json-smart/2.3/json-smart-2.3.jar
7f4f7eeff000-7f4f7ef05000 r--s 00031000 08:0b 4066061                    /home/mustafa/.m2/repository/com/jayway/jsonpath/json-path/2.4.0/json-path-2.4.0.jar
7f4f7ef05000-7f4f7ef0c000 r--s 00024000 08:0b 4462664                    /home/mustafa/.m2/repository/org/springframework/boot/spring-boot-test-autoconfigure/2.1.8.RELEASE/spring-boot-test-autoconfigure-2.1.8.RELEASE.jar
7f4f7ef0c000-7f4f7ef12000 r--s 0002b000 08:0b 4462661                    /home/mustafa/.m2/repository/org/springframework/boot/spring-boot-test/2.1.8.RELEASE/spring-boot-test-2.1.8.RELEASE.jar
7f4f7ef12000-7f4f7ef13000 r--s 00000000 08:0b 4462727                    /home/mustafa/.m2/repository/org/springframework/boot/spring-boot-starter-test/2.1.8.RELEASE/spring-boot-starter-test-2.1.8.RELEASE.jar
7f4f7ef13000-7f4f7ef26000 r--s 00201000 08:0b 140295                     /home/mustafa/.m2/repository/com/h2database/h2/1.4.199/h2-1.4.199.jar
7f4f7ef26000-7f4f7ef2b000 r--s 00040000 08:0b 4723108                    /home/mustafa/.m2/repository/org/springframework/spring-expression/5.1.9.RELEASE/spring-expression-5.1.9.RELEASE.jar
7f4f7ef2b000-7f4f7ef3a000 r--s 000b5000 08:0b 4723102                    /home/mustafa/.m2/repository/org/springframework/spring-webmvc/5.1.9.RELEASE/spring-webmvc-5.1.9.RELEASE.jar
7f4f7ef3a000-7f4f7ef56000 r--s 00137000 08:0b 4723098                    /home/mustafa/.m2/repository/org/springframework/spring-web/5.1.9.RELEASE/spring-web-5.1.9.RELEASE.jar
7f4f7ef56000-7f4f7ef5b000 r--s 00012000 08:0b 336                        /home/mustafa/.m2/repository/javax/validation/validation-api/2.0.1.Final/validation-api-2.0.1.Final.jar
7f4f7ef5b000-7f4f7ef78000 r--s 000fe000 08:0b 3387                       /home/mustafa/.m2/repository/org/hibernate/validator/hibernate-validator/6.0.17.Final/hibernate-validator-6.0.17.Final.jar
7f4f7ef78000-7f4f7ef7d000 r--s 0003c000 08:0b 1966399                    /home/mustafa/.m2/repository/org/apache/tomcat/embed/tomcat-embed-websocket/9.0.24/tomcat-embed-websocket-9.0.24.jar
7f4f7ef7d000-7f4f7ef82000 r--s 00039000 08:0b 1445924                    /home/mustafa/.m2/repository/org/apache/tomcat/embed/tomcat-embed-el/9.0.24/tomcat-embed-el-9.0.24.jar
7f4f7ef82000-7f4f7efad000 r--s 0030a000 08:0b 1445930                    /home/mustafa/.m2/repository/org/apache/tomcat/embed/tomcat-embed-core/9.0.24/tomcat-embed-core-9.0.24.jar
7f4f7efad000-7f4f7efae000 r--s 00000000 08:0b 2229041                    /home/mustafa/.m2/repository/org/springframework/boot/spring-boot-starter-tomcat/2.1.8.RELEASE/spring-boot-starter-tomcat-2.1.8.RELEASE.jar
7f4f7efae000-7f4f7efb0000 r--s 00001000 08:0b 3385                       /home/mustafa/.m2/repository/com/fasterxml/jackson/module/jackson-module-parameter-names/2.9.9/jackson-module-parameter-names-2.9.9.jar
7f4f7efb0000-7f4f7efb2000 r--s 00007000 08:0b 4330776                    /home/mustafa/.m2/repository/com/fasterxml/jackson/datatype/jackson-datatype-jdk8/2.9.9/jackson-datatype-jdk8-2.9.9.jar
7f4f7efb2000-7f4f7efb3000 r--s 00000000 08:0b 4589936                    /home/mustafa/.m2/repository/org/springframework/boot/spring-boot-starter-json/2.1.8.RELEASE/spring-boot-starter-json-2.1.8.RELEASE.jar
7f4f7efb3000-7f4f7efb5000 r--s 0000a000 08:0b 8395                       /home/mustafa/.m2/repository/org/springframework/spring-aspects/5.1.9.RELEASE/spring-aspects-5.1.9.RELEASE.jar
7f4f7efb5000-7f4f7efb7000 r--s 00009000 08:0b 4462669                    /home/mustafa/.m2/repository/org/slf4j/slf4j-api/1.7.28/slf4j-api-1.7.28.jar
7f4f7efb7000-7f4f7efc3000 r--s 00099000 08:0b 4723100                    /home/mustafa/.m2/repository/org/springframework/spring-beans/5.1.9.RELEASE/spring-beans-5.1.9.RELEASE.jar
7f4f7efc3000-7f4f7efcb000 r--s 00037000 08:0b 8624                       /home/mustafa/.m2/repository/org/springframework/spring-tx/5.1.9.RELEASE/spring-tx-5.1.9.RELEASE.jar
7f4f7efcb000-7f4f7efcf000 r--s 0002d000 08:0b 140297                     /home/mustafa/.m2/repository/org/springframework/spring-orm/5.1.9.RELEASE/spring-orm-5.1.9.RELEASE.jar
7f4f7efcf000-7f4f7efe8000 r--s 00107000 08:0b 4723304                    /home/mustafa/.m2/repository/org/springframework/data/spring-data-commons/2.1.10.RELEASE/spring-data-commons-2.1.10.RELEASE.jar
7f4f7efe8000-7f4f7eff1000 r--s 00050000 08:0b 275613                     /home/mustafa/.m2/repository/org/springframework/data/spring-data-jpa/2.1.10.RELEASE/spring-data-jpa-2.1.10.RELEASE.jar
7f4f7eff1000-7f4f7eff4000 r--s 00010000 08:0b 2099882                    /home/mustafa/.m2/repository/org/hibernate/common/hibernate-commons-annotations/5.0.4.Final/hibernate-commons-annotations-5.0.4.Final.jar
7f4f7eff4000-7f4f7eff9000 r--s 0004b000 08:0b 4462636                    /home/mustafa/.m2/repository/org/dom4j/dom4j/2.1.1/dom4j-2.1.1.jar
7f4f7eff9000-7f4f7effb000 r--s 0000f000 08:0b 4330778                    /home/mustafa/.m2/repository/com/fasterxml/classmate/1.4.0/classmate-1.4.0.jar
7f4f7effb000-7f4f7effe000 r--s 0002b000 08:0b 1182197                    /home/mustafa/.m2/repository/org/jboss/jandex/2.0.5.Final/jandex-2.0.5.Final.jar
7f4f7effe000-7f4f7f003000 r--s 00068000 08:0b 1844454                    /home/mustafa/.m2/repository/antlr/antlr/2.7.7/antlr-2.7.7.jar
7f4f7f003000-7f4f7f04b000 r--s 002de000 08:0b 4723116                    /home/mustafa/.m2/repository/net/bytebuddy/byte-buddy/1.9.16/byte-buddy-1.9.16.jar
7f4f7f04b000-7f4f7f056000 r--s 000b2000 08:0b 4462631                    /home/mustafa/.m2/repository/org/javassist/javassist/3.23.2-GA/javassist-3.23.2-GA.jar
7f4f7f056000-7f4f7f05c000 r--s 00023000 08:0b 4462655                    /home/mustafa/.m2/repository/javax/persistence/javax.persistence-api/2.2/javax.persistence-api-2.2.jar
7f4f7f05c000-7f4f7f05e000 r--s 0000f000 08:0b 8429                       /home/mustafa/.m2/repository/org/jboss/logging/jboss-logging/3.3.3.Final/jboss-logging-3.3.3.Final.jar
7f4f7f05e000-7f4f7f0e1000 r--s 0062c000 08:0b 2099883                    /home/mustafa/.m2/repository/org/hibernate/hibernate-core/5.3.11.Final/hibernate-core-5.3.11.Final.jar
7f4f7f0e1000-7f4f7f0e5000 r--s 0001c000 08:0b 2098388                    /home/mustafa/.m2/repository/javax/xml/bind/jaxb-api/2.3.1/jaxb-api-2.3.1.jar
7f4f7f0e5000-7f4f7f0ee000 r--s 0005a000 08:0b 4462634                    /home/mustafa/.m2/repository/org/springframework/spring-jdbc/5.1.9.RELEASE/spring-jdbc-5.1.9.RELEASE.jar
7f4f7f0ee000-7f4f7f0f1000 ---p 00000000 00:00 0 
7f4f7f0f1000-7f4f7f1ef000 rw-p 00000000 00:00 0 
7f4f7f1ef000-7f4f7f1f2000 ---p 00000000 00:00 0 
7f4f7f1f2000-7f4f7f2f0000 rw-p 00000000 00:00 0 
7f4f7f2f0000-7f4f7f2f3000 ---p 00000000 00:00 0 
7f4f7f2f3000-7f4f7f3f1000 rw-p 00000000 00:00 0 
7f4f7f3f1000-7f4f7f3f5000 r-xp 00000000 08:09 147039                     /usr/lib/jvm/java-8-openjdk-amd64/jre/lib/amd64/libdt_socket.so
7f4f7f3f5000-7f4f7f5f4000 ---p 00004000 08:09 147039                     /usr/lib/jvm/java-8-openjdk-amd64/jre/lib/amd64/libdt_socket.so
7f4f7f5f4000-7f4f7f5f5000 r--p 00003000 08:09 147039                     /usr/lib/jvm/java-8-openjdk-amd64/jre/lib/amd64/libdt_socket.so
7f4f7f5f5000-7f4f7f5f6000 rw-p 00004000 08:09 147039                     /usr/lib/jvm/java-8-openjdk-amd64/jre/lib/amd64/libdt_socket.so
7f4f7f5f6000-7f4f7f5f9000 ---p 00000000 00:00 0 
7f4f7f5f9000-7f4f7f6f7000 rw-p 00000000 00:00 0 
7f4f7f6f7000-7f4f7f6fa000 ---p 00000000 00:00 0 
7f4f7f6fa000-7f4f7f7f8000 rw-p 00000000 00:00 0 
7f4f7f7f8000-7f4f7f7fb000 ---p 00000000 00:00 0 
7f4f7f7fb000-7f4f7f8f9000 rw-p 00000000 00:00 0 
7f4f7f8f9000-7f4f7f8fa000 ---p 00000000 00:00 0 
7f4f7f8fa000-7f4f80000000 rw-p 00000000 00:00 0 
7f4f80000000-7f4f80021000 rw-p 00000000 00:00 0 
7f4f80021000-7f4f84000000 ---p 00000000 00:00 0 
7f4f84000000-7f4f84021000 rw-p 00000000 00:00 0 
7f4f84021000-7f4f88000000 ---p 00000000 00:00 0 
7f4f88000000-7f4f88021000 rw-p 00000000 00:00 0 
7f4f88021000-7f4f8c000000 ---p 00000000 00:00 0 
7f4f8c000000-7f4f8c001000 r--s 00000000 08:0b 4462637                    /home/mustafa/.m2/repository/org/springframework/boot/spring-boot-starter-web/2.1.8.RELEASE/spring-boot-starter-web-2.1.8.RELEASE.jar
7f4f8c001000-7f4f8c003000 r--s 0000c000 08:0b 131112                     /home/mustafa/.m2/repository/javax/activation/javax.activation-api/1.2.0/javax.activation-api-1.2.0.jar
7f4f8c003000-7f4f8c004000 r--s 00006000 08:0b 2099887                    /home/mustafa/.m2/repository/javax/transaction/javax.transaction-api/1.3/javax.transaction-api-1.3.jar
7f4f8c004000-7f4f8c008000 r--s 00020000 08:0b 2229035                    /home/mustafa/.m2/repository/com/zaxxer/HikariCP/3.2.0/HikariCP-3.2.0.jar
7f4f8c008000-7f4f8c009000 r--s 00000000 08:0b 2229033                    /home/mustafa/.m2/repository/org/springframework/boot/spring-boot-starter-jdbc/2.1.8.RELEASE/spring-boot-starter-jdbc-2.1.8.RELEASE.jar
7f4f8c009000-7f4f8c022000 r--s 001da000 08:0b 8397                       /home/mustafa/.m2/repository/org/aspectj/aspectjweaver/1.9.4/aspectjweaver-1.9.4.jar
7f4f8c022000-7f4f8c02c000 r--s 00051000 08:0b 4723104                    /home/mustafa/.m2/repository/org/springframework/spring-aop/5.1.9.RELEASE/spring-aop-5.1.9.RELEASE.jar
7f4f8c02c000-7f4f8c02d000 r--s 00000000 08:0b 1445926                    /home/mustafa/.m2/repository/org/springframework/boot/spring-boot-starter-aop/2.1.8.RELEASE/spring-boot-starter-aop-2.1.8.RELEASE.jar
7f4f8c02d000-7f4f8c02f000 r--s 00006000 08:0b 4332959                    /home/mustafa/.m2/repository/org/latencyutils/LatencyUtils/2.0.3/LatencyUtils-2.0.3.jar
7f4f8c02f000-7f4f8c031000 r--s 0001a000 08:0b 1182247                    /home/mustafa/.m2/repository/org/hdrhistogram/HdrHistogram/2.1.9/HdrHistogram-2.1.9.jar
7f4f8c031000-7f4f8c03b000 r--s 0005f000 08:0b 2229039                    /home/mustafa/.m2/repository/io/micrometer/micrometer-core/1.1.6/micrometer-core-1.1.6.jar
7f4f8c03b000-7f4f8c03e000 r--s 00016000 08:0b 3381                       /home/mustafa/.m2/repository/com/fasterxml/jackson/datatype/jackson-datatype-jsr310/2.9.9/jackson-datatype-jsr310-2.9.9.jar
7f4f8c03e000-7f4f8c058000 r--s 000f4000 08:0b 4723106                    /home/mustafa/.m2/repository/org/springframework/spring-context/5.1.9.RELEASE/spring-context-5.1.9.RELEASE.jar
7f4f8c058000-7f4f8c05c000 r--s 0004c000 08:0b 4330770                    /home/mustafa/.m2/repository/com/fasterxml/jackson/core/jackson-core/2.9.9/jackson-core-2.9.9.jar
7f4f8c05c000-7f4f8c05f000 r--s 0000e000 08:0b 3933883                    /home/mustafa/.m2/repository/com/fasterxml/jackson/core/jackson-annotations/2.9.0/jackson-annotations-2.9.0.jar
7f4f8c05f000-7f4f8c072000 r--s 00137000 08:0b 4462629                    /home/mustafa/.m2/repository/com/fasterxml/jackson/core/jackson-databind/2.9.9.3/jackson-databind-2.9.9.3.jar
7f4f8c072000-7f4f8c081000 r--s 0006e000 08:0b 4462576                    /home/mustafa/.m2/repository/org/springframework/boot/spring-boot-actuator/2.1.8.RELEASE/spring-boot-actuator-2.1.8.RELEASE.jar
7f4f8c081000-7f4f8c090000 r--s 0005d000 08:0b 918872                     /home/mustafa/.m2/repository/org/springframework/boot/spring-boot-actuator-autoconfigure/2.1.8.RELEASE/spring-boot-actuator-autoconfigure-2.1.8.RELEASE.jar
7f4f8c090000-7f4f8c097000 r--s 00043000 08:0b 4330766                    /home/mustafa/.m2/repository/org/yaml/snakeyaml/1.23/snakeyaml-1.23.jar
7f4f8c097000-7f4f8c099000 r--s 00005000 08:0b 4066004                    /home/mustafa/.m2/repository/javax/annotation/javax.annotation-api/1.3.2/javax.annotation-api-1.3.2.jar
7f4f8c099000-7f4f8c0a4000 r--s 00069000 08:0b 4065794                    /home/mustafa/.m2/repository/ch/qos/logback/logback-core/1.2.3/logback-core-1.2.3.jar
7f4f8c0a4000-7f4f8c0c8000 r--s 00112000 08:0b 4462564                    /home/mustafa/.m2/repository/org/springframework/boot/spring-boot-autoconfigure/2.1.8.RELEASE/spring-boot-autoconfigure-2.1.8.RELEASE.jar
7f4f8c0c8000-7f4f8c8d0000 rw-p 00000000 00:00 0 
7f4f8c8d0000-7f4f8caa0000 r--s 03c5c000 08:09 7609                       /usr/lib/jvm/java-8-openjdk-amd64/jre/lib/rt.jar
7f4f8caa0000-7f4f91000000 rw-p 00000000 00:00 0 
7f4f91000000-7f4f91eb0000 rwxp 00000000 00:00 0 
7f4f91eb0000-7f4fa0000000 ---p 00000000 00:00 0 
7f4fa0000000-7f4fa24af000 rw-p 00000000 00:00 0 
7f4fa24af000-7f4fa4000000 ---p 00000000 00:00 0 
7f4fa4000000-7f4fa4001000 r--s 00000000 08:0b 2099885                    /home/mustafa/.m2/repository/org/springframework/boot/spring-boot-starter-data-jpa/2.1.8.RELEASE/spring-boot-starter-data-jpa-2.1.8.RELEASE.jar
7f4fa4001000-7f4fa4003000 r--s 00000000 08:0b 4462563                    /home/mustafa/.m2/repository/org/slf4j/jul-to-slf4j/1.7.28/jul-to-slf4j-1.7.28.jar
7f4fa4003000-7f4fa4009000 r--s 0003c000 08:0b 4330762                    /home/mustafa/.m2/repository/org/apache/logging/log4j/log4j-api/2.11.2/log4j-api-2.11.2.jar
7f4fa4009000-7f4fa400f000 r--s 00041000 08:0b 4065784                    /home/mustafa/.m2/repository/ch/qos/logback/logback-classic/1.2.3/logback-classic-1.2.3.jar
7f4fa400f000-7f4fa4024000 r--s 000d5000 08:0b 4462509                    /home/mustafa/.m2/repository/org/springframework/boot/spring-boot/2.1.8.RELEASE/spring-boot-2.1.8.RELEASE.jar
7f4fa4024000-7f4fa403f000 r--s 00394000 08:09 147394                     /usr/lib/jvm/java-8-openjdk-amd64/jre/lib/ext/cldrdata.jar
7f4fa403f000-7f4fa405a000 r--s 001d6000 08:09 147412                     /usr/lib/jvm/java-8-openjdk-amd64/jre/lib/ext/nashorn.jar
7f4fa405a000-7f4fa45a7000 rw-p 00000000 00:00 0 
7f4fa45a7000-7f4fa45a8000 ---p 00000000 00:00 0 
7f4fa45a8000-7f4fa46a8000 rw-p 00000000 00:00 0 
7f4fa46a8000-7f4fa46a9000 ---p 00000000 00:00 0 
7f4fa46a9000-7f4fa47a9000 rw-p 00000000 00:00 0 
7f4fa47a9000-7f4fa47aa000 ---p 00000000 00:00 0 
7f4fa47aa000-7f4fa48aa000 rw-p 00000000 00:00 0 
7f4fa48aa000-7f4fa48ab000 ---p 00000000 00:00 0 
7f4fa48ab000-7f4fa49cf000 rw-p 00000000 00:00 0 
7f4fa49cf000-7f4fa4c3a000 ---p 00000000 00:00 0 
7f4fa4c3a000-7f4fa4c5e000 rw-p 00000000 00:00 0 
7f4fa4c5e000-7f4fa4ec8000 ---p 00000000 00:00 0 
7f4fa4ec8000-7f4fa4f61000 rw-p 00000000 00:00 0 
7f4fa4f61000-7f4fa5010000 ---p 00000000 00:00 0 
7f4fa5010000-7f4fa504c000 rw-p 00000000 00:00 0 
7f4fa504c000-7f4fa53d1000 ---p 00000000 00:00 0 
7f4fa53d1000-7f4fa53d9000 r-xp 00000000 08:09 147388                     /usr/lib/jvm/java-8-openjdk-amd64/jre/lib/amd64/libzip.so
7f4fa53d9000-7f4fa55d8000 ---p 00008000 08:09 147388                     /usr/lib/jvm/java-8-openjdk-amd64/jre/lib/amd64/libzip.so
7f4fa55d8000-7f4fa55d9000 r--p 00007000 08:09 147388                     /usr/lib/jvm/java-8-openjdk-amd64/jre/lib/amd64/libzip.so
7f4fa55d9000-7f4fa55da000 rw-p 00008000 08:09 147388                     /usr/lib/jvm/java-8-openjdk-amd64/jre/lib/amd64/libzip.so
7f4fa55da000-7f4fa55e5000 r-xp 00000000 08:09 532241                     /lib/x86_64-linux-gnu/libnss_files-2.27.so
7f4fa55e5000-7f4fa57e4000 ---p 0000b000 08:09 532241                     /lib/x86_64-linux-gnu/libnss_files-2.27.so
7f4fa57e4000-7f4fa57e5000 r--p 0000a000 08:09 532241                     /lib/x86_64-linux-gnu/libnss_files-2.27.so
7f4fa57e5000-7f4fa57e6000 rw-p 0000b000 08:09 532241                     /lib/x86_64-linux-gnu/libnss_files-2.27.so
7f4fa57e6000-7f4fa57ec000 rw-p 00000000 00:00 0 
7f4fa57ec000-7f4fa5803000 r-xp 00000000 08:09 530598                     /lib/x86_64-linux-gnu/libnsl-2.27.so
7f4fa5803000-7f4fa5a02000 ---p 00017000 08:09 530598                     /lib/x86_64-linux-gnu/libnsl-2.27.so
7f4fa5a02000-7f4fa5a03000 r--p 00016000 08:09 530598                     /lib/x86_64-linux-gnu/libnsl-2.27.so
7f4fa5a03000-7f4fa5a04000 rw-p 00017000 08:09 530598                     /lib/x86_64-linux-gnu/libnsl-2.27.so
7f4fa5a04000-7f4fa5a06000 rw-p 00000000 00:00 0 
7f4fa5a06000-7f4fa5a11000 r-xp 00000000 08:09 532243                     /lib/x86_64-linux-gnu/libnss_nis-2.27.so
7f4fa5a11000-7f4fa5c10000 ---p 0000b000 08:09 532243                     /lib/x86_64-linux-gnu/libnss_nis-2.27.so
7f4fa5c10000-7f4fa5c11000 r--p 0000a000 08:09 532243                     /lib/x86_64-linux-gnu/libnss_nis-2.27.so
7f4fa5c11000-7f4fa5c12000 rw-p 0000b000 08:09 532243                     /lib/x86_64-linux-gnu/libnss_nis-2.27.so
7f4fa5c12000-7f4fa5c1a000 r-xp 00000000 08:09 530906                     /lib/x86_64-linux-gnu/libnss_compat-2.27.so
7f4fa5c1a000-7f4fa5e1a000 ---p 00008000 08:09 530906                     /lib/x86_64-linux-gnu/libnss_compat-2.27.so
7f4fa5e1a000-7f4fa5e1b000 r--p 00008000 08:09 530906                     /lib/x86_64-linux-gnu/libnss_compat-2.27.so
7f4fa5e1b000-7f4fa5e1c000 rw-p 00009000 08:09 530906                     /lib/x86_64-linux-gnu/libnss_compat-2.27.so
7f4fa5e1c000-7f4fa5e26000 r-xp 00000000 08:09 147045                     /usr/lib/jvm/java-8-openjdk-amd64/jre/lib/amd64/libinstrument.so
7f4fa5e26000-7f4fa6025000 ---p 0000a000 08:09 147045                     /usr/lib/jvm/java-8-openjdk-amd64/jre/lib/amd64/libinstrument.so
7f4fa6025000-7f4fa6026000 r--p 00009000 08:09 147045                     /usr/lib/jvm/java-8-openjdk-amd64/jre/lib/amd64/libinstrument.so
7f4fa6026000-7f4fa6027000 rw-p 0000a000 08:09 147045                     /usr/lib/jvm/java-8-openjdk-amd64/jre/lib/amd64/libinstrument.so
7f4fa6027000-7f4fa6467000 r--p 00000000 08:09 801823                     /usr/lib/locale/locale-archive
7f4fa6467000-7f4fa6469000 r-xp 00000000 08:09 147142                     /usr/lib/jvm/java-8-openjdk-amd64/jre/lib/amd64/libnpt.so
7f4fa6469000-7f4fa6669000 ---p 00002000 08:09 147142                     /usr/lib/jvm/java-8-openjdk-amd64/jre/lib/amd64/libnpt.so
7f4fa6669000-7f4fa666a000 r--p 00002000 08:09 147142                     /usr/lib/jvm/java-8-openjdk-amd64/jre/lib/amd64/libnpt.so
7f4fa666a000-7f4fa666b000 rw-p 00003000 08:09 147142                     /usr/lib/jvm/java-8-openjdk-amd64/jre/lib/amd64/libnpt.so
7f4fa666b000-7f4fa66a5000 r-xp 00000000 08:09 147116                     /usr/lib/jvm/java-8-openjdk-amd64/jre/lib/amd64/libjdwp.so
7f4fa66a5000-7f4fa68a4000 ---p 0003a000 08:09 147116                     /usr/lib/jvm/java-8-openjdk-amd64/jre/lib/amd64/libjdwp.so
7f4fa68a4000-7f4fa68a5000 r--p 00039000 08:09 147116                     /usr/lib/jvm/java-8-openjdk-amd64/jre/lib/amd64/libjdwp.so
7f4fa68a5000-7f4fa68a6000 rw-p 0003a000 08:09 147116                     /usr/lib/jvm/java-8-openjdk-amd64/jre/lib/amd64/libjdwp.so
7f4fa68a6000-7f4fa68d0000 r-xp 00000000 08:09 147058                     /usr/lib/jvm/java-8-openjdk-amd64/jre/lib/amd64/libjava.so
7f4fa68d0000-7f4fa6acf000 ---p 0002a000 08:09 147058                     /usr/lib/jvm/java-8-openjdk-amd64/jre/lib/amd64/libjava.so
7f4fa6acf000-7f4fa6ad0000 r--p 00029000 08:09 147058                     /usr/lib/jvm/java-8-openjdk-amd64/jre/lib/amd64/libjava.so
7f4fa6ad0000-7f4fa6ad2000 rw-p 0002a000 08:09 147058                     /usr/lib/jvm/java-8-openjdk-amd64/jre/lib/amd64/libjava.so
7f4fa6ad2000-7f4fa6ae2000 r-xp 00000000 08:09 147386                     /usr/lib/jvm/java-8-openjdk-amd64/jre/lib/amd64/libverify.so
7f4fa6ae2000-7f4fa6ce1000 ---p 00010000 08:09 147386                     /usr/lib/jvm/java-8-openjdk-amd64/jre/lib/amd64/libverify.so
7f4fa6ce1000-7f4fa6ce3000 r--p 0000f000 08:09 147386                     /usr/lib/jvm/java-8-openjdk-amd64/jre/lib/amd64/libverify.so
7f4fa6ce3000-7f4fa6ce4000 rw-p 00011000 08:09 147386                     /usr/lib/jvm/java-8-openjdk-amd64/jre/lib/amd64/libverify.so
7f4fa6ce4000-7f4fa6ceb000 r-xp 00000000 08:09 532248                     /lib/x86_64-linux-gnu/librt-2.27.so
7f4fa6ceb000-7f4fa6eea000 ---p 00007000 08:09 532248                     /lib/x86_64-linux-gnu/librt-2.27.so
7f4fa6eea000-7f4fa6eeb000 r--p 00006000 08:09 532248                     /lib/x86_64-linux-gnu/librt-2.27.so
7f4fa6eeb000-7f4fa6eec000 rw-p 00007000 08:09 532248                     /lib/x86_64-linux-gnu/librt-2.27.so
7f4fa6eec000-7f4fa6f03000 r-xp 00000000 08:09 523750                     /lib/x86_64-linux-gnu/libgcc_s.so.1
7f4fa6f03000-7f4fa7102000 ---p 00017000 08:09 523750                     /lib/x86_64-linux-gnu/libgcc_s.so.1
7f4fa7102000-7f4fa7103000 r--p 00016000 08:09 523750                     /lib/x86_64-linux-gnu/libgcc_s.so.1
7f4fa7103000-7f4fa7104000 rw-p 00017000 08:09 523750                     /lib/x86_64-linux-gnu/libgcc_s.so.1
7f4fa7104000-7f4fa72a1000 r-xp 00000000 08:09 530565                     /lib/x86_64-linux-gnu/libm-2.27.so
7f4fa72a1000-7f4fa74a0000 ---p 0019d000 08:09 530565                     /lib/x86_64-linux-gnu/libm-2.27.so
7f4fa74a0000-7f4fa74a1000 r--p 0019c000 08:09 530565                     /lib/x86_64-linux-gnu/libm-2.27.so
7f4fa74a1000-7f4fa74a2000 rw-p 0019d000 08:09 530565                     /lib/x86_64-linux-gnu/libm-2.27.so
7f4fa74a2000-7f4fa761b000 r-xp 00000000 08:09 785918                     /usr/lib/x86_64-linux-gnu/libstdc++.so.6.0.25
7f4fa761b000-7f4fa781b000 ---p 00179000 08:09 785918                     /usr/lib/x86_64-linux-gnu/libstdc++.so.6.0.25
7f4fa781b000-7f4fa7825000 r--p 00179000 08:09 785918                     /usr/lib/x86_64-linux-gnu/libstdc++.so.6.0.25
7f4fa7825000-7f4fa7827000 rw-p 00183000 08:09 785918                     /usr/lib/x86_64-linux-gnu/libstdc++.so.6.0.25
7f4fa7827000-7f4fa782b000 rw-p 00000000 00:00 0 
7f4fa782b000-7f4fa84ca000 r-xp 00000000 08:09 147392                     /usr/lib/jvm/java-8-openjdk-amd64/jre/lib/amd64/server/libjvm.so
7f4fa84ca000-7f4fa86ca000 ---p 00c9f000 08:09 147392                     /usr/lib/jvm/java-8-openjdk-amd64/jre/lib/amd64/server/libjvm.so
7f4fa86ca000-7f4fa875e000 r--p 00c9f000 08:09 147392                     /usr/lib/jvm/java-8-openjdk-amd64/jre/lib/amd64/server/libjvm.so
7f4fa875e000-7f4fa8787000 rw-p 00d33000 08:09 147392                     /usr/lib/jvm/java-8-openjdk-amd64/jre/lib/amd64/server/libjvm.so
7f4fa8787000-7f4fa87b7000 rw-p 00000000 00:00 0 
7f4fa87b7000-7f4fa87d1000 r-xp 00000000 08:09 532246                     /lib/x86_64-linux-gnu/libpthread-2.27.so
7f4fa87d1000-7f4fa89d0000 ---p 0001a000 08:09 532246                     /lib/x86_64-linux-gnu/libpthread-2.27.so
7f4fa89d0000-7f4fa89d1000 r--p 00019000 08:09 532246                     /lib/x86_64-linux-gnu/libpthread-2.27.so
7f4fa89d1000-7f4fa89d2000 rw-p 0001a000 08:09 532246                     /lib/x86_64-linux-gnu/libpthread-2.27.so
7f4fa89d2000-7f4fa89d6000 rw-p 00000000 00:00 0 
7f4fa89d6000-7f4fa89d9000 r-xp 00000000 08:09 530241                     /lib/x86_64-linux-gnu/libdl-2.27.so
7f4fa89d9000-7f4fa8bd8000 ---p 00003000 08:09 530241                     /lib/x86_64-linux-gnu/libdl-2.27.so
7f4fa8bd8000-7f4fa8bd9000 r--p 00002000 08:09 530241                     /lib/x86_64-linux-gnu/libdl-2.27.so
7f4fa8bd9000-7f4fa8bda000 rw-p 00003000 08:09 530241                     /lib/x86_64-linux-gnu/libdl-2.27.so
7f4fa8bda000-7f4fa8bf6000 r-xp 00000000 08:09 529798                     /lib/x86_64-linux-gnu/libz.so.1.2.11
7f4fa8bf6000-7f4fa8df5000 ---p 0001c000 08:09 529798                     /lib/x86_64-linux-gnu/libz.so.1.2.11
7f4fa8df5000-7f4fa8df6000 r--p 0001b000 08:09 529798                     /lib/x86_64-linux-gnu/libz.so.1.2.11
7f4fa8df6000-7f4fa8df7000 rw-p 0001c000 08:09 529798                     /lib/x86_64-linux-gnu/libz.so.1.2.11
7f4fa8df7000-7f4fa8fde000 r-xp 00000000 08:09 529489                     /lib/x86_64-linux-gnu/libc-2.27.so
7f4fa8fde000-7f4fa91de000 ---p 001e7000 08:09 529489                     /lib/x86_64-linux-gnu/libc-2.27.so
7f4fa91de000-7f4fa91e2000 r--p 001e7000 08:09 529489                     /lib/x86_64-linux-gnu/libc-2.27.so
7f4fa91e2000-7f4fa91e4000 rw-p 001eb000 08:09 529489                     /lib/x86_64-linux-gnu/libc-2.27.so
7f4fa91e4000-7f4fa91e8000 rw-p 00000000 00:00 0 
7f4fa91e8000-7f4fa91f6000 r-xp 00000000 08:09 136656                     /usr/lib/jvm/java-8-openjdk-amd64/jre/lib/amd64/jli/libjli.so
7f4fa91f6000-7f4fa93f5000 ---p 0000e000 08:09 136656                     /usr/lib/jvm/java-8-openjdk-amd64/jre/lib/amd64/jli/libjli.so
7f4fa93f5000-7f4fa93f6000 r--p 0000d000 08:09 136656                     /usr/lib/jvm/java-8-openjdk-amd64/jre/lib/amd64/jli/libjli.so
7f4fa93f6000-7f4fa93f7000 rw-p 0000e000 08:09 136656                     /usr/lib/jvm/java-8-openjdk-amd64/jre/lib/amd64/jli/libjli.so
7f4fa93f7000-7f4fa941e000 r-xp 00000000 08:09 529281                     /lib/x86_64-linux-gnu/ld-2.27.so
7f4fa941e000-7f4fa9420000 r--s 00003000 08:0b 4330724                    /home/mustafa/.m2/repository/org/apache/logging/log4j/log4j-to-slf4j/2.11.2/log4j-to-slf4j-2.11.2.jar
7f4fa9420000-7f4fa9421000 r--s 00000000 08:0b 4462511                    /home/mustafa/.m2/repository/org/springframework/boot/spring-boot-starter-logging/2.1.8.RELEASE/spring-boot-starter-logging-2.1.8.RELEASE.jar
7f4fa9421000-7f4fa9422000 r--s 00000000 08:0b 4462495                    /home/mustafa/.m2/repository/org/springframework/boot/spring-boot-starter/2.1.8.RELEASE/spring-boot-starter-2.1.8.RELEASE.jar
7f4fa9422000-7f4fa9423000 r--s 00000000 08:0b 1445922                    /home/mustafa/.m2/repository/org/springframework/boot/spring-boot-starter-actuator/2.1.8.RELEASE/spring-boot-starter-actuator-2.1.8.RELEASE.jar
7f4fa9423000-7f4fa9424000 r--s 0000d000 08:09 147413                     /usr/lib/jvm/java-8-openjdk-amd64/jre/lib/ext/sunec.jar
7f4fa9424000-7f4fa9426000 r--s 00001000 08:09 147395                     /usr/lib/jvm/java-8-openjdk-amd64/jre/lib/ext/dnsns.jar
7f4fa9426000-7f4fa94f6000 rw-p 00000000 00:00 0 
7f4fa94f6000-7f4fa94f7000 ---p 00000000 00:00 0 
7f4fa94f7000-7f4fa94fa000 ---p 00000000 00:00 0 
7f4fa94fa000-7f4fa95f9000 rw-p 00000000 00:00 0 
7f4fa95f9000-7f4fa95fe000 r--s 0003c000 08:09 147414                     /usr/lib/jvm/java-8-openjdk-amd64/jre/lib/ext/sunjce_provider.jar
7f4fa95fe000-7f4fa9600000 r--s 00007000 08:09 665459                     /usr/share/java/java-atk-wrapper.jar
7f4fa9600000-7f4fa9603000 r--s 00039000 08:09 147415                     /usr/lib/jvm/java-8-openjdk-amd64/jre/lib/ext/sunpkcs11.jar
7f4fa9603000-7f4fa960d000 r--s 00116000 08:09 147411                     /usr/lib/jvm/java-8-openjdk-amd64/jre/lib/ext/localedata.jar
7f4fa960d000-7f4fa960e000 r--s 0000a000 08:09 147410                     /usr/lib/jvm/java-8-openjdk-amd64/jre/lib/ext/jaccess.jar
7f4fa960e000-7f4fa9611000 r--s 0000f000 08:09 147397                     /usr/lib/jvm/java-8-openjdk-amd64/jre/lib/ext/icedtea-sound.jar
7f4fa9611000-7f4fa9612000 r--s 00010000 08:09 147416                     /usr/lib/jvm/java-8-openjdk-amd64/jre/lib/ext/zipfs.jar
7f4fa9612000-7f4fa961a000 rw-s 00000000 08:09 658030                     /tmp/hsperfdata_mustafa/26175
7f4fa961a000-7f4fa961b000 rw-p 00000000 00:00 0 
7f4fa961b000-7f4fa961c000 ---p 00000000 00:00 0 
7f4fa961c000-7f4fa961e000 rw-p 00000000 00:00 0 
7f4fa961e000-7f4fa961f000 r--p 00027000 08:09 529281                     /lib/x86_64-linux-gnu/ld-2.27.so
7f4fa961f000-7f4fa9620000 rw-p 00028000 08:09 529281                     /lib/x86_64-linux-gnu/ld-2.27.so
7f4fa9620000-7f4fa9621000 rw-p 00000000 00:00 0 
7ffeaa2a0000-7ffeaa2c4000 rw-p 00000000 00:00 0                          [stack]
7ffeaa308000-7ffeaa30b000 r--p 00000000 00:00 0                          [vvar]
7ffeaa30b000-7ffeaa30d000 r-xp 00000000 00:00 0                          [vdso]
ffffffffff600000-ffffffffff601000 r-xp 00000000 00:00 0                  [vsyscall]

VM Arguments:
jvm_args: -agentlib:jdwp=transport=dt_socket,suspend=y,address=localhost:33957 -ea -javaagent:/home/mustafa/eclipse/jee-2019-06/eclipse/configuration/org.eclipse.osgi/405/0/.cp/lib/javaagent-shaded.jar -Dfile.encoding=UTF-8 
java_command: org.eclipse.jdt.internal.junit.runner.RemoteTestRunner -version 3 -port 37369 -testLoaderClass org.eclipse.jdt.internal.junit4.runner.JUnit4TestLoader -loaderpluginname org.eclipse.jdt.junit4.runtime -classNames com.customer.customerservices.CustomerServicesRepositoryTests
java_class_path (initial): /home/mustafa/eclipse-workspace/customer-services/target/test-classes:/home/mustafa/eclipse-workspace/customer-services/target/classes:/home/mustafa/.m2/repository/org/springframework/boot/spring-boot-starter-actuator/2.1.8.RELEASE/spring-boot-starter-actuator-2.1.8.RELEASE.jar:/home/mustafa/.m2/repository/org/springframework/boot/spring-boot-starter/2.1.8.RELEASE/spring-boot-starter-2.1.8.RELEASE.jar:/home/mustafa/.m2/repository/org/springframework/boot/spring-boot/2.1.8.RELEASE/spring-boot-2.1.8.RELEASE.jar:/home/mustafa/.m2/repository/org/springframework/boot/spring-boot-autoconfigure/2.1.8.RELEASE/spring-boot-autoconfigure-2.1.8.RELEASE.jar:/home/mustafa/.m2/repository/org/springframework/boot/spring-boot-starter-logging/2.1.8.RELEASE/spring-boot-starter-logging-2.1.8.RELEASE.jar:/home/mustafa/.m2/repository/ch/qos/logback/logback-classic/1.2.3/logback-classic-1.2.3.jar:/home/mustafa/.m2/repository/ch/qos/logback/logback-core/1.2.3/logback-core-1.2.3.jar:/home/mustafa/.m2/repository/org/apache/logging/log4j/log4j-to-slf4j/2.11.2/log4j-to-slf4j-2.11.2.jar:/home/mustafa/.m2/repository/org/apache/logging/log4j/log4j-api/2.11.2/log4j-api-2.11.2.jar:/home/mustafa/.m2/repository/org/slf4j/jul-to-slf4j/1.7.28/jul-to-slf4j-1.7.28.jar:/home/mustafa/.m2/repository/javax/annotation/javax.annotation-api/1.3.2/javax.annotation-api-1.3.2.jar:/home/mustafa/.m2/repository/org/yaml/snakeyaml/1.23/snakeyaml-1.23.jar:/home/mustafa/.m2/repository/org/springframework/boot/spring-boot-actuator-autoconfigure/2.1.8.RELEASE/spring-boot-actuator-autoconfigure-2.1.8.RELEASE.jar:/home/mustafa/.m2/repository/org/springframework/boot/spring-boot-actuator/2.1.8.RELEASE/spring-boot-actuator-2.1.8.RELEASE.jar:/home/mustafa/.m2/repository/com/fasterxml/jackson/core/jackson-databind/2.9.9.3/jackson-databind-2.9.9.3.jar:/home/mustafa/.m2/repository/com/fasterxml/jackson/core/jackson-annotations/2.9.0/jackson-annotations-2.9.0.jar:/home/mustafa/.m2/repository/com/faster
Launcher Type: SUN_STANDARD

Environment Variables:
PATH=/home/mustafa/bin:/home/mustafa/.local/bin:/usr/local/sbin:/usr/local/bin:/usr/sbin:/usr/bin:/sbin:/bin:/usr/games:/usr/local/games:/snap/bin
USERNAME=mustafa
SHELL=/bin/bash
DISPLAY=:0

Signal Handlers:
SIGSEGV: [libjvm.so+0xab92f0], sa_mask[0]=11111111011111111101111111111110, sa_flags=SA_RESTART|SA_SIGINFO
SIGBUS: [libjvm.so+0xab92f0], sa_mask[0]=11111111011111111101111111111110, sa_flags=SA_RESTART|SA_SIGINFO
SIGFPE: [libjvm.so+0x8ee560], sa_mask[0]=11111111011111111101111111111110, sa_flags=SA_RESTART|SA_SIGINFO
SIGPIPE: [libjvm.so+0x8ee560], sa_mask[0]=11111111011111111101111111111110, sa_flags=SA_RESTART|SA_SIGINFO
SIGXFSZ: [libjvm.so+0x8ee560], sa_mask[0]=11111111011111111101111111111110, sa_flags=SA_RESTART|SA_SIGINFO
SIGILL: [libjvm.so+0x8ee560], sa_mask[0]=11111111011111111101111111111110, sa_flags=SA_RESTART|SA_SIGINFO
SIGUSR1: SIG_DFL, sa_mask[0]=00000000000000000000000000000000, sa_flags=none
SIGUSR2: [libjvm.so+0x8ee410], sa_mask[0]=00100000000000000000000000000000, sa_flags=SA_RESTART|SA_SIGINFO
SIGHUP: [libjvm.so+0x8eea80], sa_mask[0]=11111111011111111101111111111110, sa_flags=SA_RESTART|SA_SIGINFO
SIGINT: [libjvm.so+0x8eea80], sa_mask[0]=11111111011111111101111111111110, sa_flags=SA_RESTART|SA_SIGINFO
SIGTERM: [libjvm.so+0x8eea80], sa_mask[0]=11111111011111111101111111111110, sa_flags=SA_RESTART|SA_SIGINFO
SIGQUIT: [libjvm.so+0x8eea80], sa_mask[0]=11111111011111111101111111111110, sa_flags=SA_RESTART|SA_SIGINFO


---------------  S Y S T E M  ---------------

OS:DISTRIB_ID=Ubuntu
DISTRIB_RELEASE=18.04
DISTRIB_CODENAME=bionic
DISTRIB_DESCRIPTION="Ubuntu 18.04.3 LTS"

uname:Linux 4.15.0-60-generic #67-Ubuntu SMP Thu Aug 22 16:55:30 UTC 2019 x86_64
libc:glibc 2.27 NPTL 2.27 
rlimit: STACK 8192k, CORE 0k, NPROC 30889, NOFILE 4096, AS infinity
load average:3,29 2,39 1,82

/proc/meminfo:
MemTotal:        8044008 kB
MemFree:          962396 kB
MemAvailable:    1337004 kB
Buffers:           33276 kB
Cached:           777180 kB
SwapCached:        36904 kB
Active:          5308772 kB
Inactive:        1232692 kB
Active(anon):    5019836 kB
Inactive(anon):   964864 kB
Active(file):     288936 kB
Inactive(file):   267828 kB
Unevictable:          80 kB
Mlocked:              80 kB
SwapTotal:       4327420 kB
SwapFree:        3207036 kB
Dirty:              4800 kB
Writeback:             0 kB
AnonPages:       5712872 kB
Mapped:           593604 kB
Shmem:            253648 kB
Slab:             212336 kB
SReclaimable:      82108 kB
SUnreclaim:       130228 kB
KernelStack:       24144 kB
PageTables:       119280 kB
NFS_Unstable:          0 kB
Bounce:                0 kB
WritebackTmp:          0 kB
CommitLimit:     8349424 kB
Committed_AS:   18876344 kB
VmallocTotal:   34359738367 kB
VmallocUsed:           0 kB
VmallocChunk:          0 kB
HardwareCorrupted:     0 kB
AnonHugePages:         0 kB
ShmemHugePages:        0 kB
ShmemPmdMapped:        0 kB
CmaTotal:              0 kB
CmaFree:               0 kB
HugePages_Total:       0
HugePages_Free:        0
HugePages_Rsvd:        0
HugePages_Surp:        0
Hugepagesize:       2048 kB
DirectMap4k:      761112 kB
DirectMap2M:     7503872 kB

container (cgroup) information:
container_type: cgroupv1
cpu_cpuset_cpus: 0-3
cpu_memory_nodes: 0
active_processor_count: 4
cpu_quota: -1
cpu_period: 100000
cpu_shares: -1
memory_limit_in_bytes: -1
memory_and_swap_limit_in_bytes: -2
memory_soft_limit_in_bytes: -1
memory_usage_in_bytes: 6662991872
memory_max_usage_in_bytes: 7548121088


CPU:total 4 (initial active 4) (2 cores per cpu, 2 threads per core) family 6 model 58 stepping 9, cmov, cx8, fxsr, mmx, sse, sse2, sse3, ssse3, sse4.1, sse4.2, popcnt, avx, aes, clmul, erms, ht, tsc, tscinvbit, tscinv

/proc/cpuinfo:
processor	: 0
vendor_id	: GenuineIntel
cpu family	: 6
model		: 58
model name	: Intel(R) Core(TM) i5-3337U CPU @ 1.80GHz
stepping	: 9
microcode	: 0x21
cpu MHz		: 2224.642
cache size	: 3072 KB
physical id	: 0
siblings	: 4
core id		: 0
cpu cores	: 2
apicid		: 0
initial apicid	: 0
fpu		: yes
fpu_exception	: yes
cpuid level	: 13
wp		: yes
flags		: fpu vme de pse tsc msr pae mce cx8 apic sep mtrr pge mca cmov pat pse36 clflush dts acpi mmx fxsr sse sse2 ss ht tm pbe syscall nx rdtscp lm constant_tsc arch_perfmon pebs bts rep_good nopl xtopology nonstop_tsc cpuid aperfmperf pni pclmulqdq dtes64 monitor ds_cpl vmx est tm2 ssse3 cx16 xtpr pdcm pcid sse4_1 sse4_2 x2apic popcnt tsc_deadline_timer aes xsave avx f16c rdrand lahf_lm cpuid_fault epb pti ssbd ibrs ibpb stibp tpr_shadow vnmi flexpriority ept vpid fsgsbase smep erms xsaveopt dtherm ida arat pln pts md_clear flush_l1d
bugs		: cpu_meltdown spectre_v1 spectre_v2 spec_store_bypass l1tf mds swapgs
bogomips	: 3591.48
clflush size	: 64
cache_alignment	: 64
address sizes	: 36 bits physical, 48 bits virtual
power management:

processor	: 1
vendor_id	: GenuineIntel
cpu family	: 6
model		: 58
model name	: Intel(R) Core(TM) i5-3337U CPU @ 1.80GHz
stepping	: 9
microcode	: 0x21
cpu MHz		: 1765.039
cache size	: 3072 KB
physical id	: 0
siblings	: 4
core id		: 0
cpu cores	: 2
apicid		: 1
initial apicid	: 1
fpu		: yes
fpu_exception	: yes
cpuid level	: 13
wp		: yes
flags		: fpu vme de pse tsc msr pae mce cx8 apic sep mtrr pge mca cmov pat pse36 clflush dts acpi mmx fxsr sse sse2 ss ht tm pbe syscall nx rdtscp lm constant_tsc arch_perfmon pebs bts rep_good nopl xtopology nonstop_tsc cpuid aperfmperf pni pclmulqdq dtes64 monitor ds_cpl vmx est tm2 ssse3 cx16 xtpr pdcm pcid sse4_1 sse4_2 x2apic popcnt tsc_deadline_timer aes xsave avx f16c rdrand lahf_lm cpuid_fault epb pti ssbd ibrs ibpb stibp tpr_shadow vnmi flexpriority ept vpid fsgsbase smep erms xsaveopt dtherm ida arat pln pts md_clear flush_l1d
bugs		: cpu_meltdown spectre_v1 spectre_v2 spec_store_bypass l1tf mds swapgs
bogomips	: 3591.48
clflush size	: 64
cache_alignment	: 64
address sizes	: 36 bits physical, 48 bits virtual
power management:

processor	: 2
vendor_id	: GenuineIntel
cpu family	: 6
model		: 58
model name	: Intel(R) Core(TM) i5-3337U CPU @ 1.80GHz
stepping	: 9
microcode	: 0x21
cpu MHz		: 1745.950
cache size	: 3072 KB
physical id	: 0
siblings	: 4
core id		: 1
cpu cores	: 2
apicid		: 2
initial apicid	: 2
fpu		: yes
fpu_exception	: yes
cpuid level	: 13
wp		: yes
flags		: fpu vme de pse tsc msr pae mce cx8 apic sep mtrr pge mca cmov pat pse36 clflush dts acpi mmx fxsr sse sse2 ss ht tm pbe syscall nx rdtscp lm constant_tsc arch_perfmon pebs bts rep_good nopl xtopology nonstop_tsc cpuid aperfmperf pni pclmulqdq dtes64 monitor ds_cpl vmx est tm2 ssse3 cx16 xtpr pdcm pcid sse4_1 sse4_2 x2apic popcnt tsc_deadline_timer aes xsave avx f16c rdrand lahf_lm cpuid_fault epb pti ssbd ibrs ibpb stibp tpr_shadow vnmi flexpriority ept vpid fsgsbase smep erms xsaveopt dtherm ida arat pln pts md_clear flush_l1d
bugs		: cpu_meltdown spectre_v1 spectre_v2 spec_store_bypass l1tf mds swapgs
bogomips	: 3591.48
clflush size	: 64
cache_alignment	: 64
address sizes	: 36 bits physical, 48 bits virtual
power management:

processor	: 3
vendor_id	: GenuineIntel
cpu family	: 6
model		: 58
model name	: Intel(R) Core(TM) i5-3337U CPU @ 1.80GHz
stepping	: 9
microcode	: 0x21
cpu MHz		: 1680.907
cache size	: 3072 KB
physical id	: 0
siblings	: 4
core id		: 1
cpu cores	: 2
apicid		: 3
initial apicid	: 3
fpu		: yes
fpu_exception	: yes
cpuid level	: 13
wp		: yes
flags		: fpu vme de pse tsc msr pae mce cx8 apic sep mtrr pge mca cmov pat pse36 clflush dts acpi mmx fxsr sse sse2 ss ht tm pbe syscall nx rdtscp lm constant_tsc arch_perfmon pebs bts rep_good nopl xtopology nonstop_tsc cpuid aperfmperf pni pclmulqdq dtes64 monitor ds_cpl vmx est tm2 ssse3 cx16 xtpr pdcm pcid sse4_1 sse4_2 x2apic popcnt tsc_deadline_timer aes xsave avx f16c rdrand lahf_lm cpuid_fault epb pti ssbd ibrs ibpb stibp tpr_shadow vnmi flexpriority ept vpid fsgsbase smep erms xsaveopt dtherm ida arat pln pts md_clear flush_l1d
bugs		: cpu_meltdown spectre_v1 spectre_v2 spec_store_bypass l1tf mds swapgs
bogomips	: 3591.48
clflush size	: 64
cache_alignment	: 64
address sizes	: 36 bits physical, 48 bits virtual
power management:



Memory: 4k page, physical 8044008k(962644k free), swap 4327420k(3207036k free)

vm_info: OpenJDK 64-Bit Server VM (25.222-b10) for linux-amd64 JRE (1.8.0_222-8u222-b10-1ubuntu1~18.04.1-b10), built on Jul 18 2019 18:52:48 by "buildd" with gcc 7.4.0

time: Sun Sep  8 13:35:37 2019
timezone: BST
elapsed time: 1492 seconds (0d 0h 24m 52s)

